#############################################################################
IPMS up now : Wed May 22 14:18:15 2013
#############################################################################
开始读取配置文件server.conf信息
远程调用适配器名称server_adapter
远程调用适配器地址端口号adapter_adressdefault -h localhost  -p 10000
mysql数据库端口号port:3306
mysql数据库地址ipAddress:192.168.1.118
mysql数据库用户名username:ip_std
mysql该用户密码password:1234
mysql使用的数据库dbname:Odie
############################################################################
连接成功! 	sql: select viewinfo_sheng.vi_des,viewinfo_sheng.vi_shengpy,viewinfo_shi.vi_shiname,viewinfo_shi.vi_shipy from viewinfo_sheng INNER JOIN viewinfo_shi ON  viewinfo_sheng.vi_areaid = viewinfo_shi.vi_areaid;
num_rows328
sql: select vi_des,vi_shengpy  from viewinfo_sheng ;
num_rows118
sql: select vi_shiname,vi_shipy from viewinfo_shi  where vi_areaid=45 
num_rows267
sql: select vi_ispname,vi_isppy  from viewinfo_isp  ;
sql:select start,end  from Odie_OK where large_area='hett'      order by start; 
开始连接数据库
连接成功! 	查询成功!	存储结果成功!	num: 0
sql: select viewinfo_sheng.vi_des,viewinfo_sheng.vi_shengpy,viewinfo_shi.vi_shiname,viewinfo_shi.vi_shipy from viewinfo_sheng INNER JOIN viewinfo_shi ON  viewinfo_sheng.vi_areaid = viewinfo_shi.vi_areaid;
num_rows328
sql: select vi_des,vi_shengpy  from viewinfo_sheng ;
num_rows118
sql: select vi_shiname,vi_shipy from viewinfo_shi  where vi_areaid=45 
num_rows267
sql: select vi_ispname,vi_isppy  from viewinfo_isp  ;
sql:select start,end  from Odie_OK where large_area='hbtt'      order by start; 
开始连接数据库
连接成功! 	查询成功!	存储结果成功!	num: 383
view hbtt { match-clients {sql: select viewinfo_sheng.vi_des,viewinfo_sheng.vi_shengpy,viewinfo_shi.vi_shiname,viewinfo_shi.vi_shipy from viewinfo_sheng INNER JOIN viewinfo_shi ON  viewinfo_sheng.vi_areaid = viewinfo_shi.vi_areaid;
num_rows328
sql: select vi_des,vi_shengpy  from viewinfo_sheng ;
num_rows118
sql: select vi_shiname,vi_shipy from viewinfo_shi  where vi_areaid=45 
num_rows267
sql: select vi_ispname,vi_isppy  from viewinfo_isp  ;
sql:select start,end  from Odie_OK where large_area='hbtt'      order by start; 
开始连接数据库
连接成功! 	查询成功!	存储结果成功!	num: 383
#############################################################################
IPMS up now : Wed May 22 15:18:41 2013
#############################################################################
开始读取配置文件server.conf信息
远程调用适配器名称server_adapter
远程调用适配器地址端口号adapter_adressdefault -h localhost  -p 10000
mysql数据库端口号port:3306
mysql数据库地址ipAddress:192.168.1.118
mysql数据库用户名username:ip_std
mysql该用户密码password:1234
mysql使用的数据库dbname:Odie
############################################################################
连接成功! 	Network.cpp:1697: Ice::SocketException:
socket exception: Address already in use
#############################################################################
IPMS up now : Wed May 22 15:19:22 2013
#############################################################################
开始读取配置文件server.conf信息
远程调用适配器名称server_adapter
远程调用适配器地址端口号adapter_adressdefault -h localhost  -p 10000
mysql数据库端口号port:3306
mysql数据库地址ipAddress:192.168.1.118
mysql数据库用户名username:ip_std
mysql该用户密码password:1234
mysql使用的数据库dbname:Odie
############################################################################
连接成功! 	Network.cpp:1697: Ice::SocketException:
socket exception: Address already in use
#############################################################################
IPMS up now : Wed May 22 15:20:25 2013
#############################################################################
开始读取配置文件server.conf信息
远程调用适配器名称server_adapter
远程调用适配器地址端口号adapter_adressdefault -h localhost  -p 10000
mysql数据库端口号port:3306
mysql数据库地址ipAddress:192.168.1.118
mysql数据库用户名username:ip_std
mysql该用户密码password:1234
mysql使用的数据库dbname:Odie
############################################################################
连接成功! 	sql: select viewinfo_sheng.vi_des,viewinfo_sheng.vi_shengpy,viewinfo_shi.vi_shiname,viewinfo_shi.vi_shipy from viewinfo_sheng INNER JOIN viewinfo_shi ON  viewinfo_sheng.vi_areaid = viewinfo_shi.vi_areaid;
num_rows328
sql: select vi_des,vi_shengpy  from viewinfo_sheng ;
num_rows118
sql: select vi_shiname,vi_shipy from viewinfo_shi  where vi_areaid=45 
num_rows267
sql: select vi_ispname,vi_isppy  from viewinfo_isp  ;
sql:select start,end  from Odie_OK where large_area='hbtt'      order by start; 
开始连接数据库
连接成功! 	查询成功!	存储结果成功!	num: 383
